<?xml version="1.0" encoding="UTF-8"?>
<coverage generated="1614709033344" clover="3.2.0">
  <project timestamp="1614709033344" name="All files">
    <metrics statements="96" coveredstatements="96" conditionals="44" coveredconditionals="37" methods="38" coveredmethods="38" elements="178" coveredelements="171" complexity="0" loc="96" ncloc="96" packages="1" files="6" classes="6"/>
    <file name="date.ts" path="C:\Users\joaov\OneDrive\Dokumentumok\Dev\Cachaça Gestor\utilidades\src\data\date.ts">
      <metrics statements="18" coveredstatements="18" conditionals="7" coveredconditionals="6" methods="8" coveredmethods="8"/>
      <line num="1" count="5" type="stmt"/>
      <line num="2" count="5" type="stmt"/>
      <line num="6" count="5" type="stmt"/>
      <line num="8" count="5" type="stmt"/>
      <line num="10" count="3" type="stmt"/>
      <line num="14" count="2" type="stmt"/>
      <line num="15" count="2" type="stmt"/>
      <line num="18" count="2" type="stmt"/>
      <line num="22" count="4" type="stmt"/>
      <line num="30" count="6" type="stmt"/>
      <line num="34" count="4" type="stmt"/>
      <line num="35" count="4" type="stmt"/>
      <line num="36" count="4" type="stmt"/>
      <line num="48" count="6" type="stmt"/>
      <line num="51" count="6" type="stmt"/>
      <line num="58" count="3" type="stmt"/>
      <line num="59" count="3" type="stmt"/>
      <line num="63" count="4" type="stmt"/>
    </file>
    <file name="file.ts" path="C:\Users\joaov\OneDrive\Dokumentumok\Dev\Cachaça Gestor\utilidades\src\data\file.ts">
      <metrics statements="14" coveredstatements="14" conditionals="4" coveredconditionals="3" methods="8" coveredmethods="8"/>
      <line num="1" count="5" type="stmt"/>
      <line num="5" count="5" type="stmt"/>
      <line num="7" count="1" type="stmt"/>
      <line num="11" count="10" type="stmt"/>
      <line num="15" count="2" type="stmt"/>
      <line num="16" count="2" type="cond" truecount="2" falsecount="0"/>
      <line num="17" count="1" type="stmt"/>
      <line num="19" count="1" type="stmt"/>
      <line num="24" count="1" type="stmt"/>
      <line num="28" count="1" type="stmt"/>
      <line num="32" count="1" type="stmt"/>
      <line num="36" count="1" type="cond" truecount="1" falsecount="1"/>
      <line num="37" count="1" type="stmt"/>
      <line num="42" count="3" type="stmt"/>
    </file>
    <file name="index.ts" path="C:\Users\joaov\OneDrive\Dokumentumok\Dev\Cachaça Gestor\utilidades\src\data\index.ts">
      <metrics statements="6" coveredstatements="6" conditionals="0" coveredconditionals="0" methods="0" coveredmethods="0"/>
      <line num="1" count="5" type="stmt"/>
      <line num="2" count="5" type="stmt"/>
      <line num="3" count="5" type="stmt"/>
      <line num="4" count="5" type="stmt"/>
      <line num="5" count="5" type="stmt"/>
      <line num="6" count="5" type="stmt"/>
    </file>
    <file name="object.ts" path="C:\Users\joaov\OneDrive\Dokumentumok\Dev\Cachaça Gestor\utilidades\src\data\object.ts">
      <metrics statements="31" coveredstatements="31" conditionals="20" coveredconditionals="17" methods="12" coveredmethods="12"/>
      <line num="1" count="5" type="stmt"/>
      <line num="2" count="5" type="stmt"/>
      <line num="6" count="5" type="stmt"/>
      <line num="7" count="1" type="stmt"/>
      <line num="10" count="4" type="cond" truecount="2" falsecount="0"/>
      <line num="15" count="1" type="stmt"/>
      <line num="16" count="3" type="cond" truecount="2" falsecount="0"/>
      <line num="17" count="1" type="stmt"/>
      <line num="19" count="2" type="stmt"/>
      <line num="24" count="4" type="cond" truecount="2" falsecount="0"/>
      <line num="25" count="1" type="stmt"/>
      <line num="28" count="3" type="stmt"/>
      <line num="36" count="5" type="stmt"/>
      <line num="40" count="5" type="stmt"/>
      <line num="47" count="1" type="stmt"/>
      <line num="48" count="1" type="stmt"/>
      <line num="49" count="1" type="stmt"/>
      <line num="50" count="5" type="stmt"/>
      <line num="54" count="1" type="stmt"/>
      <line num="58" count="1" type="stmt"/>
      <line num="62" count="2" type="cond" truecount="2" falsecount="0"/>
      <line num="68" count="1" type="stmt"/>
      <line num="70" count="1" type="stmt"/>
      <line num="75" count="3" type="cond" truecount="2" falsecount="0"/>
      <line num="76" count="2" type="stmt"/>
      <line num="78" count="1" type="stmt"/>
      <line num="83" count="1" type="stmt"/>
      <line num="84" count="4" type="stmt"/>
      <line num="85" count="4" type="stmt"/>
      <line num="86" count="1" type="stmt"/>
      <line num="87" count="1" type="stmt"/>
    </file>
    <file name="request.ts" path="C:\Users\joaov\OneDrive\Dokumentumok\Dev\Cachaça Gestor\utilidades\src\data\request.ts">
      <metrics statements="14" coveredstatements="14" conditionals="7" coveredconditionals="6" methods="6" coveredmethods="6"/>
      <line num="1" count="5" type="stmt"/>
      <line num="9" count="5" type="stmt"/>
      <line num="12" count="1" type="stmt"/>
      <line num="13" count="1" type="cond" truecount="0" falsecount="1"/>
      <line num="15" count="1" type="stmt"/>
      <line num="22" count="1" type="stmt"/>
      <line num="28" count="1" type="stmt"/>
      <line num="42" count="2" type="cond" truecount="6" falsecount="0"/>
      <line num="46" count="1" type="stmt"/>
      <line num="52" count="1" type="stmt"/>
      <line num="56" count="1" type="stmt"/>
      <line num="62" count="1" type="stmt"/>
      <line num="66" count="1" type="stmt"/>
      <line num="71" count="1" type="stmt"/>
    </file>
    <file name="string.ts" path="C:\Users\joaov\OneDrive\Dokumentumok\Dev\Cachaça Gestor\utilidades\src\data\string.ts">
      <metrics statements="13" coveredstatements="13" conditionals="6" coveredconditionals="5" methods="4" coveredmethods="4"/>
      <line num="1" count="5" type="stmt"/>
      <line num="5" count="5" type="stmt"/>
      <line num="7" count="1" type="stmt"/>
      <line num="8" count="1" type="stmt"/>
      <line num="12" count="1" type="stmt"/>
      <line num="19" count="2" type="stmt"/>
      <line num="20" count="2" type="stmt"/>
      <line num="21" count="2" type="stmt"/>
      <line num="22" count="17" type="stmt"/>
      <line num="26" count="2" type="stmt"/>
      <line num="30" count="2" type="cond" truecount="2" falsecount="0"/>
      <line num="36" count="1" type="stmt"/>
      <line num="38" count="1" type="stmt"/>
    </file>
  </project>
</coverage>
