{"C:\\Users\\joaov\\OneDrive\\Dokumentumok\\Dev\\Cachaça Gestor\\utilidades\\src\\data\\date.ts": {"path":"C:\\Users\\joaov\\OneDrive\\Dokumentumok\\Dev\\Cachaça Gestor\\utilidades\\src\\data\\date.ts","statementMap":{"0":{"start":{"line":1,"column":0},"end":{"line":1,"column":25}},"1":{"start":{"line":2,"column":0},"end":{"line":2,"column":62}},"2":{"start":{"line":6,"column":0},"end":{"line":6,"column":null}},"3":{"start":{"line":10,"column":4},"end":{"line":10,"column":null}},"4":{"start":{"line":14,"column":4},"end":{"line":14,"column":null}},"5":{"start":{"line":15,"column":20},"end":{"line":17,"column":36}},"6":{"start":{"line":18,"column":4},"end":{"line":18,"column":null}},"7":{"start":{"line":22,"column":4},"end":{"line":22,"column":null}},"8":{"start":{"line":30,"column":4},"end":{"line":30,"column":null}},"9":{"start":{"line":34,"column":18},"end":{"line":34,"column":25}},"10":{"start":{"line":35,"column":26},"end":{"line":35,"column":37}},"11":{"start":{"line":36,"column":4},"end":{"line":40,"column":null}},"12":{"start":{"line":48,"column":20},"end":{"line":50,"column":27}},"13":{"start":{"line":51,"column":4},"end":{"line":51,"column":null}},"14":{"start":{"line":58,"column":18},"end":{"line":58,"column":46}},"15":{"start":{"line":59,"column":4},"end":{"line":59,"column":null}},"16":{"start":{"line":63,"column":4},"end":{"line":63,"column":null}},"17":{"start":{"line":8,"column":0},"end":{"line":8,"column":13}}},"fnMap":{"0":{"name":"(anonymous_1)","decl":{"start":{"line":9,"column":2},"end":{"line":9,"column":8}},"loc":{"start":{"line":9,"column":30},"end":{"line":11,"column":3}}},"1":{"name":"(anonymous_2)","decl":{"start":{"line":13,"column":2},"end":{"line":13,"column":9}},"loc":{"start":{"line":13,"column":31},"end":{"line":19,"column":3}}},"2":{"name":"(anonymous_3)","decl":{"start":{"line":21,"column":2},"end":{"line":21,"column":13}},"loc":{"start":{"line":21,"column":23},"end":{"line":23,"column":3}}},"3":{"name":"(anonymous_4)","decl":{"start":{"line":25,"column":2},"end":{"line":25,"column":21}},"loc":{"start":{"line":28,"column":23},"end":{"line":31,"column":3}}},"4":{"name":"(anonymous_5)","decl":{"start":{"line":33,"column":2},"end":{"line":33,"column":20}},"loc":{"start":{"line":33,"column":41},"end":{"line":41,"column":3}}},"5":{"name":"(anonymous_6)","decl":{"start":{"line":43,"column":2},"end":{"line":43,"column":20}},"loc":{"start":{"line":46,"column":20},"end":{"line":52,"column":3}}},"6":{"name":"(anonymous_7)","decl":{"start":{"line":54,"column":2},"end":{"line":54,"column":27}},"loc":{"start":{"line":56,"column":23},"end":{"line":60,"column":3}}},"7":{"name":"(anonymous_8)","decl":{"start":{"line":62,"column":2},"end":{"line":62,"column":8}},"loc":{"start":{"line":62,"column":41},"end":{"line":64,"column":3}}}},"branchMap":{"0":{"loc":{"start":{"line":16,"column":8},"end":{"line":16,"column":40}},"type":"cond-expr","locations":[{"start":{"line":16,"column":8},"end":{"line":16,"column":40}},{"start":{"line":17,"column":8},"end":{"line":17,"column":36}}]},"1":{"loc":{"start":{"line":28,"column":18},"end":{"line":28,"column":23}},"type":"default-arg","locations":[{"start":{"line":28,"column":18},"end":{"line":28,"column":23}}]},"2":{"loc":{"start":{"line":37,"column":6},"end":{"line":37,"column":43}},"type":"binary-expr","locations":[{"start":{"line":37,"column":6},"end":{"line":37,"column":43}},{"start":{"line":38,"column":6},"end":{"line":38,"column":45}},{"start":{"line":39,"column":6},"end":{"line":39,"column":43}}]},"3":{"loc":{"start":{"line":62,"column":29},"end":{"line":62,"column":41}},"type":"default-arg","locations":[{"start":{"line":62,"column":29},"end":{"line":62,"column":41}}]}},"s":{"0":5,"1":5,"2":5,"3":3,"4":2,"5":2,"6":2,"7":4,"8":6,"9":4,"10":4,"11":4,"12":6,"13":6,"14":3,"15":3,"16":4,"17":5},"f":{"0":3,"1":2,"2":4,"3":6,"4":4,"5":6,"6":3,"7":4},"b":{"0":[1,1],"1":[0],"2":[4,2,2],"3":[1]}}
,"C:\\Users\\joaov\\OneDrive\\Dokumentumok\\Dev\\Cachaça Gestor\\utilidades\\src\\data\\file.ts": {"path":"C:\\Users\\joaov\\OneDrive\\Dokumentumok\\Dev\\Cachaça Gestor\\utilidades\\src\\data\\file.ts","statementMap":{"0":{"start":{"line":1,"column":0},"end":{"line":1,"column":35}},"1":{"start":{"line":7,"column":4},"end":{"line":7,"column":null}},"2":{"start":{"line":11,"column":4},"end":{"line":11,"column":null}},"3":{"start":{"line":15,"column":17},"end":{"line":15,"column":31}},"4":{"start":{"line":16,"column":4},"end":{"line":20,"column":null}},"5":{"start":{"line":17,"column":6},"end":{"line":17,"column":null}},"6":{"start":{"line":19,"column":6},"end":{"line":19,"column":null}},"7":{"start":{"line":24,"column":4},"end":{"line":24,"column":null}},"8":{"start":{"line":28,"column":4},"end":{"line":28,"column":null}},"9":{"start":{"line":32,"column":4},"end":{"line":32,"column":null}},"10":{"start":{"line":36,"column":4},"end":{"line":38,"column":null}},"11":{"start":{"line":37,"column":6},"end":{"line":37,"column":null}},"12":{"start":{"line":42,"column":4},"end":{"line":42,"column":null}},"13":{"start":{"line":5,"column":0},"end":{"line":5,"column":13}}},"fnMap":{"0":{"name":"(anonymous_1)","decl":{"start":{"line":6,"column":2},"end":{"line":6,"column":5}},"loc":{"start":{"line":6,"column":18},"end":{"line":8,"column":3}}},"1":{"name":"(anonymous_2)","decl":{"start":{"line":10,"column":2},"end":{"line":10,"column":24}},"loc":{"start":{"line":10,"column":37},"end":{"line":12,"column":3}}},"2":{"name":"(anonymous_3)","decl":{"start":{"line":14,"column":2},"end":{"line":14,"column":9}},"loc":{"start":{"line":14,"column":22},"end":{"line":21,"column":3}}},"3":{"name":"(anonymous_4)","decl":{"start":{"line":23,"column":2},"end":{"line":23,"column":17}},"loc":{"start":{"line":23,"column":29},"end":{"line":25,"column":3}}},"4":{"name":"(anonymous_5)","decl":{"start":{"line":27,"column":2},"end":{"line":27,"column":15}},"loc":{"start":{"line":27,"column":28},"end":{"line":29,"column":3}}},"5":{"name":"(anonymous_6)","decl":{"start":{"line":31,"column":2},"end":{"line":31,"column":8}},"loc":{"start":{"line":31,"column":35},"end":{"line":33,"column":3}}},"6":{"name":"(anonymous_7)","decl":{"start":{"line":35,"column":2},"end":{"line":35,"column":8}},"loc":{"start":{"line":35,"column":21},"end":{"line":39,"column":3}}},"7":{"name":"(anonymous_8)","decl":{"start":{"line":41,"column":2},"end":{"line":41,"column":8}},"loc":{"start":{"line":41,"column":21},"end":{"line":43,"column":3}}}},"branchMap":{"0":{"loc":{"start":{"line":16,"column":4},"end":{"line":20,"column":null}},"type":"if","locations":[{"start":{"line":16,"column":4},"end":{"line":20,"column":null}},{"start":{"line":16,"column":4},"end":{"line":20,"column":null}}]},"1":{"loc":{"start":{"line":36,"column":4},"end":{"line":38,"column":null}},"type":"if","locations":[{"start":{"line":36,"column":4},"end":{"line":38,"column":null}},{"start":{"line":36,"column":4},"end":{"line":38,"column":null}}]}},"s":{"0":5,"1":1,"2":10,"3":2,"4":2,"5":1,"6":1,"7":1,"8":1,"9":1,"10":1,"11":1,"12":3,"13":5},"f":{"0":1,"1":10,"2":2,"3":1,"4":1,"5":1,"6":1,"7":3},"b":{"0":[1,1],"1":[1,0]}}
,"C:\\Users\\joaov\\OneDrive\\Dokumentumok\\Dev\\Cachaça Gestor\\utilidades\\src\\data\\index.ts": {"path":"C:\\Users\\joaov\\OneDrive\\Dokumentumok\\Dev\\Cachaça Gestor\\utilidades\\src\\data\\index.ts","statementMap":{"0":{"start":{"line":1,"column":0},"end":{"line":1,"column":22}},"1":{"start":{"line":2,"column":0},"end":{"line":2,"column":22}},"2":{"start":{"line":3,"column":0},"end":{"line":3,"column":24}},"3":{"start":{"line":4,"column":0},"end":{"line":4,"column":24}},"4":{"start":{"line":5,"column":0},"end":{"line":5,"column":25}},"5":{"start":{"line":6,"column":0},"end":{"line":6,"column":24}}},"fnMap":{},"branchMap":{},"s":{"0":5,"1":5,"2":5,"3":5,"4":5,"5":5},"f":{},"b":{}}
,"C:\\Users\\joaov\\OneDrive\\Dokumentumok\\Dev\\Cachaça Gestor\\utilidades\\src\\data\\object.ts": {"path":"C:\\Users\\joaov\\OneDrive\\Dokumentumok\\Dev\\Cachaça Gestor\\utilidades\\src\\data\\object.ts","statementMap":{"0":{"start":{"line":1,"column":0},"end":{"line":1,"column":27}},"1":{"start":{"line":2,"column":0},"end":{"line":2,"column":53}},"2":{"start":{"line":7,"column":31},"end":{"line":7,"column":59}},"3":{"start":{"line":10,"column":4},"end":{"line":20,"column":null}},"4":{"start":{"line":15,"column":6},"end":{"line":15,"column":null}},"5":{"start":{"line":16,"column":11},"end":{"line":20,"column":null}},"6":{"start":{"line":17,"column":6},"end":{"line":17,"column":null}},"7":{"start":{"line":19,"column":6},"end":{"line":19,"column":null}},"8":{"start":{"line":24,"column":4},"end":{"line":26,"column":null}},"9":{"start":{"line":25,"column":6},"end":{"line":25,"column":null}},"10":{"start":{"line":28,"column":4},"end":{"line":32,"column":null}},"11":{"start":{"line":36,"column":4},"end":{"line":36,"column":null}},"12":{"start":{"line":40,"column":4},"end":{"line":40,"column":null}},"13":{"start":{"line":47,"column":17},"end":{"line":47,"column":19}},"14":{"start":{"line":48,"column":31},"end":{"line":48,"column":48}},"15":{"start":{"line":49,"column":4},"end":{"line":53,"column":null}},"16":{"start":{"line":49,"column":17},"end":{"line":49,"column":18}},"17":{"start":{"line":50,"column":6},"end":{"line":52,"column":null}},"18":{"start":{"line":54,"column":4},"end":{"line":54,"column":null}},"19":{"start":{"line":58,"column":4},"end":{"line":58,"column":null}},"20":{"start":{"line":62,"column":4},"end":{"line":71,"column":null}},"21":{"start":{"line":68,"column":6},"end":{"line":68,"column":null}},"22":{"start":{"line":70,"column":6},"end":{"line":70,"column":null}},"23":{"start":{"line":75,"column":4},"end":{"line":79,"column":null}},"24":{"start":{"line":76,"column":6},"end":{"line":76,"column":null}},"25":{"start":{"line":78,"column":6},"end":{"line":78,"column":null}},"26":{"start":{"line":83,"column":23},"end":{"line":85,"column":68}},"27":{"start":{"line":84,"column":16},"end":{"line":84,"column":34}},"28":{"start":{"line":85,"column":19},"end":{"line":85,"column":35}},"29":{"start":{"line":86,"column":24},"end":{"line":86,"column":69}},"30":{"start":{"line":87,"column":4},"end":{"line":87,"column":null}},"31":{"start":{"line":6,"column":0},"end":{"line":6,"column":13}}},"fnMap":{"0":{"name":"(anonymous_7)","decl":{"start":{"line":7,"column":2},"end":{"line":7,"column":31}},"loc":{"start":{"line":7,"column":59},"end":{"line":7,"column":64}}},"1":{"name":"(anonymous_8)","decl":{"start":{"line":9,"column":2},"end":{"line":9,"column":8}},"loc":{"start":{"line":9,"column":20},"end":{"line":21,"column":3}}},"2":{"name":"(anonymous_9)","decl":{"start":{"line":23,"column":2},"end":{"line":23,"column":10}},"loc":{"start":{"line":23,"column":22},"end":{"line":33,"column":3}}},"3":{"name":"(anonymous_10)","decl":{"start":{"line":35,"column":2},"end":{"line":35,"column":10}},"loc":{"start":{"line":35,"column":22},"end":{"line":37,"column":3}}},"4":{"name":"(anonymous_11)","decl":{"start":{"line":39,"column":2},"end":{"line":39,"column":10}},"loc":{"start":{"line":39,"column":22},"end":{"line":41,"column":3}}},"5":{"name":"(anonymous_12)","decl":{"start":{"line":43,"column":2},"end":{"line":43,"column":17}},"loc":{"start":{"line":45,"column":81},"end":{"line":55,"column":3}}},"6":{"name":"(anonymous_13)","decl":{"start":{"line":57,"column":2},"end":{"line":57,"column":13}},"loc":{"start":{"line":57,"column":25},"end":{"line":59,"column":3}}},"7":{"name":"(anonymous_14)","decl":{"start":{"line":61,"column":2},"end":{"line":61,"column":19}},"loc":{"start":{"line":61,"column":67},"end":{"line":72,"column":3}}},"8":{"name":"(anonymous_15)","decl":{"start":{"line":74,"column":2},"end":{"line":74,"column":20}},"loc":{"start":{"line":74,"column":58},"end":{"line":80,"column":3}}},"9":{"name":"(anonymous_16)","decl":{"start":{"line":82,"column":2},"end":{"line":82,"column":32}},"loc":{"start":{"line":82,"column":45},"end":{"line":88,"column":3}}},"10":{"name":"(anonymous_17)","decl":{"start":{"line":84,"column":11},"end":{"line":84,"column":12}},"loc":{"start":{"line":84,"column":16},"end":{"line":84,"column":34}}},"11":{"name":"(anonymous_18)","decl":{"start":{"line":85,"column":14},"end":{"line":85,"column":15}},"loc":{"start":{"line":85,"column":19},"end":{"line":85,"column":35}}}},"branchMap":{"0":{"loc":{"start":{"line":10,"column":4},"end":{"line":20,"column":null}},"type":"if","locations":[{"start":{"line":10,"column":4},"end":{"line":20,"column":null}},{"start":{"line":10,"column":4},"end":{"line":20,"column":null}}]},"1":{"loc":{"start":{"line":11,"column":6},"end":{"line":11,"column":27}},"type":"binary-expr","locations":[{"start":{"line":11,"column":6},"end":{"line":11,"column":27}},{"start":{"line":12,"column":6},"end":{"line":12,"column":32}},{"start":{"line":13,"column":6},"end":{"line":13,"column":32}}]},"2":{"loc":{"start":{"line":16,"column":11},"end":{"line":20,"column":null}},"type":"if","locations":[{"start":{"line":16,"column":11},"end":{"line":20,"column":null}},{"start":{"line":16,"column":11},"end":{"line":20,"column":null}}]},"3":{"loc":{"start":{"line":24,"column":4},"end":{"line":26,"column":null}},"type":"if","locations":[{"start":{"line":24,"column":4},"end":{"line":26,"column":null}},{"start":{"line":24,"column":4},"end":{"line":26,"column":null}}]},"4":{"loc":{"start":{"line":29,"column":6},"end":{"line":29,"column":32}},"type":"binary-expr","locations":[{"start":{"line":29,"column":6},"end":{"line":29,"column":32}},{"start":{"line":30,"column":6},"end":{"line":30,"column":28}},{"start":{"line":31,"column":6},"end":{"line":31,"column":26}}]},"5":{"loc":{"start":{"line":44,"column":11},"end":{"line":44,"column":13}},"type":"default-arg","locations":[{"start":{"line":44,"column":11},"end":{"line":44,"column":13}}]},"6":{"loc":{"start":{"line":45,"column":17},"end":{"line":45,"column":81}},"type":"default-arg","locations":[{"start":{"line":45,"column":17},"end":{"line":45,"column":81}}]},"7":{"loc":{"start":{"line":61,"column":63},"end":{"line":61,"column":67}},"type":"default-arg","locations":[{"start":{"line":61,"column":63},"end":{"line":61,"column":67}}]},"8":{"loc":{"start":{"line":62,"column":4},"end":{"line":71,"column":null}},"type":"if","locations":[{"start":{"line":62,"column":4},"end":{"line":71,"column":null}},{"start":{"line":62,"column":4},"end":{"line":71,"column":null}}]},"9":{"loc":{"start":{"line":74,"column":57},"end":{"line":74,"column":58}},"type":"default-arg","locations":[{"start":{"line":74,"column":57},"end":{"line":74,"column":58}}]},"10":{"loc":{"start":{"line":75,"column":4},"end":{"line":79,"column":null}},"type":"if","locations":[{"start":{"line":75,"column":4},"end":{"line":79,"column":null}},{"start":{"line":75,"column":4},"end":{"line":79,"column":null}}]}},"s":{"0":5,"1":5,"2":1,"3":4,"4":1,"5":3,"6":1,"7":2,"8":4,"9":1,"10":3,"11":5,"12":5,"13":1,"14":1,"15":1,"16":1,"17":5,"18":1,"19":1,"20":2,"21":1,"22":1,"23":3,"24":2,"25":1,"26":1,"27":4,"28":4,"29":1,"30":1,"31":5},"f":{"0":1,"1":4,"2":4,"3":5,"4":5,"5":1,"6":1,"7":2,"8":3,"9":1,"10":4,"11":4},"b":{"0":[1,3],"1":[4,2,1],"2":[1,2],"3":[1,3],"4":[3,2,1],"5":[0],"6":[0],"7":[0],"8":[1,1],"9":[2],"10":[2,1]}}
,"C:\\Users\\joaov\\OneDrive\\Dokumentumok\\Dev\\Cachaça Gestor\\utilidades\\src\\data\\request.ts": {"path":"C:\\Users\\joaov\\OneDrive\\Dokumentumok\\Dev\\Cachaça Gestor\\utilidades\\src\\data\\request.ts","statementMap":{"0":{"start":{"line":1,"column":0},"end":{"line":1,"column":76}},"1":{"start":{"line":12,"column":21},"end":{"line":12,"column":36}},"2":{"start":{"line":13,"column":21},"end":{"line":13,"column":39}},"3":{"start":{"line":15,"column":4},"end":{"line":18,"column":null}},"4":{"start":{"line":22,"column":44},"end":{"line":27,"column":null}},"5":{"start":{"line":28,"column":4},"end":{"line":28,"column":null}},"6":{"start":{"line":42,"column":4},"end":{"line":42,"column":null}},"7":{"start":{"line":46,"column":44},"end":{"line":51,"column":null}},"8":{"start":{"line":52,"column":4},"end":{"line":52,"column":null}},"9":{"start":{"line":56,"column":44},"end":{"line":61,"column":null}},"10":{"start":{"line":62,"column":4},"end":{"line":62,"column":null}},"11":{"start":{"line":66,"column":44},"end":{"line":70,"column":null}},"12":{"start":{"line":71,"column":4},"end":{"line":71,"column":null}},"13":{"start":{"line":9,"column":0},"end":{"line":9,"column":13}}},"fnMap":{"0":{"name":"(anonymous_1)","decl":{"start":{"line":11,"column":2},"end":{"line":11,"column":null}},"loc":{"start":{"line":13,"column":44},"end":{"line":19,"column":3}}},"1":{"name":"(anonymous_2)","decl":{"start":{"line":21,"column":2},"end":{"line":21,"column":7}},"loc":{"start":{"line":21,"column":34},"end":{"line":29,"column":3}}},"2":{"name":"(anonymous_3)","decl":{"start":{"line":41,"column":2},"end":{"line":41,"column":17}},"loc":{"start":{"line":41,"column":35},"end":{"line":43,"column":3}}},"3":{"name":"(anonymous_4)","decl":{"start":{"line":45,"column":2},"end":{"line":45,"column":7}},"loc":{"start":{"line":45,"column":33},"end":{"line":53,"column":3}}},"4":{"name":"(anonymous_5)","decl":{"start":{"line":55,"column":2},"end":{"line":55,"column":7}},"loc":{"start":{"line":55,"column":29},"end":{"line":63,"column":3}}},"5":{"name":"(anonymous_6)","decl":{"start":{"line":65,"column":2},"end":{"line":65,"column":7}},"loc":{"start":{"line":65,"column":35},"end":{"line":72,"column":3}}}},"branchMap":{"0":{"loc":{"start":{"line":13,"column":39},"end":{"line":13,"column":44}},"type":"default-arg","locations":[{"start":{"line":13,"column":39},"end":{"line":13,"column":44}}]},"1":{"loc":{"start":{"line":42,"column":34},"end":{"line":42,"column":53}},"type":"cond-expr","locations":[{"start":{"line":42,"column":34},"end":{"line":42,"column":53}},{"start":{"line":42,"column":56},"end":{"line":42,"column":69}}]},"2":{"loc":{"start":{"line":42,"column":25},"end":{"line":42,"column":27}},"type":"cond-expr","locations":[{"start":{"line":42,"column":25},"end":{"line":42,"column":27}},{"start":{"line":42,"column":25},"end":{"line":42,"column":31}}]},"3":{"loc":{"start":{"line":42,"column":11},"end":{"line":42,"column":27}},"type":"binary-expr","locations":[{"start":{"line":42,"column":11},"end":{"line":42,"column":27}},{"start":{"line":42,"column":25},"end":{"line":42,"column":27}}]}},"s":{"0":5,"1":1,"2":1,"3":1,"4":1,"5":1,"6":2,"7":1,"8":1,"9":1,"10":1,"11":1,"12":1,"13":5},"f":{"0":1,"1":1,"2":2,"3":1,"4":1,"5":1},"b":{"0":[0],"1":[1,1],"2":[1,1],"3":[2,2]}}
,"C:\\Users\\joaov\\OneDrive\\Dokumentumok\\Dev\\Cachaça Gestor\\utilidades\\src\\data\\string.ts": {"path":"C:\\Users\\joaov\\OneDrive\\Dokumentumok\\Dev\\Cachaça Gestor\\utilidades\\src\\data\\string.ts","statementMap":{"0":{"start":{"line":1,"column":0},"end":{"line":1,"column":53}},"1":{"start":{"line":7,"column":22},"end":{"line":7,"column":53}},"2":{"start":{"line":8,"column":4},"end":{"line":8,"column":null}},"3":{"start":{"line":12,"column":4},"end":{"line":12,"column":null}},"4":{"start":{"line":19,"column":17},"end":{"line":19,"column":19}},"5":{"start":{"line":20,"column":31},"end":{"line":20,"column":48}},"6":{"start":{"line":21,"column":4},"end":{"line":25,"column":null}},"7":{"start":{"line":21,"column":17},"end":{"line":21,"column":18}},"8":{"start":{"line":22,"column":6},"end":{"line":24,"column":null}},"9":{"start":{"line":26,"column":4},"end":{"line":26,"column":null}},"10":{"start":{"line":30,"column":4},"end":{"line":39,"column":null}},"11":{"start":{"line":36,"column":6},"end":{"line":36,"column":null}},"12":{"start":{"line":38,"column":6},"end":{"line":38,"column":null}},"13":{"start":{"line":5,"column":0},"end":{"line":5,"column":13}}},"fnMap":{"0":{"name":"(anonymous_6)","decl":{"start":{"line":6,"column":2},"end":{"line":6,"column":35}},"loc":{"start":{"line":6,"column":55},"end":{"line":9,"column":3}}},"1":{"name":"(anonymous_7)","decl":{"start":{"line":11,"column":2},"end":{"line":11,"column":18}},"loc":{"start":{"line":11,"column":33},"end":{"line":13,"column":3}}},"2":{"name":"(anonymous_8)","decl":{"start":{"line":15,"column":2},"end":{"line":15,"column":17}},"loc":{"start":{"line":17,"column":81},"end":{"line":27,"column":3}}},"3":{"name":"(anonymous_9)","decl":{"start":{"line":29,"column":2},"end":{"line":29,"column":19}},"loc":{"start":{"line":29,"column":67},"end":{"line":40,"column":3}}}},"branchMap":{"0":{"loc":{"start":{"line":6,"column":53},"end":{"line":6,"column":55}},"type":"default-arg","locations":[{"start":{"line":6,"column":53},"end":{"line":6,"column":55}}]},"1":{"loc":{"start":{"line":16,"column":11},"end":{"line":16,"column":13}},"type":"default-arg","locations":[{"start":{"line":16,"column":11},"end":{"line":16,"column":13}}]},"2":{"loc":{"start":{"line":17,"column":17},"end":{"line":17,"column":81}},"type":"default-arg","locations":[{"start":{"line":17,"column":17},"end":{"line":17,"column":81}}]},"3":{"loc":{"start":{"line":29,"column":63},"end":{"line":29,"column":67}},"type":"default-arg","locations":[{"start":{"line":29,"column":63},"end":{"line":29,"column":67}}]},"4":{"loc":{"start":{"line":30,"column":4},"end":{"line":39,"column":null}},"type":"if","locations":[{"start":{"line":30,"column":4},"end":{"line":39,"column":null}},{"start":{"line":30,"column":4},"end":{"line":39,"column":null}}]}},"s":{"0":5,"1":1,"2":1,"3":1,"4":2,"5":2,"6":2,"7":2,"8":17,"9":2,"10":2,"11":1,"12":1,"13":5},"f":{"0":1,"1":1,"2":2,"3":2},"b":{"0":[0],"1":[1],"2":[1],"3":[1],"4":[1,1]}}
}
