TN:
SF:src\data\date.ts
FN:9,(anonymous_1)
FN:13,(anonymous_2)
FN:21,(anonymous_3)
FN:25,(anonymous_4)
FN:33,(anonymous_5)
FN:43,(anonymous_6)
FN:54,(anonymous_7)
FN:62,(anonymous_8)
FNF:8
FNH:8
FNDA:3,(anonymous_1)
FNDA:2,(anonymous_2)
FNDA:4,(anonymous_3)
FNDA:6,(anonymous_4)
FNDA:4,(anonymous_5)
FNDA:6,(anonymous_6)
FNDA:3,(anonymous_7)
FNDA:4,(anonymous_8)
DA:1,5
DA:2,5
DA:6,5
DA:8,5
DA:10,3
DA:14,2
DA:15,2
DA:18,2
DA:22,4
DA:30,6
DA:34,4
DA:35,4
DA:36,4
DA:48,6
DA:51,6
DA:58,3
DA:59,3
DA:63,4
LF:18
LH:18
BRDA:16,0,0,1
BRDA:16,0,1,1
BRDA:28,1,0,0
BRDA:37,2,0,4
BRDA:37,2,1,2
BRDA:37,2,2,2
BRDA:62,3,0,1
BRF:7
BRH:6
end_of_record
TN:
SF:src\data\file.ts
FN:6,(anonymous_1)
FN:10,(anonymous_2)
FN:14,(anonymous_3)
FN:23,(anonymous_4)
FN:27,(anonymous_5)
FN:31,(anonymous_6)
FN:35,(anonymous_7)
FN:41,(anonymous_8)
FNF:8
FNH:8
FNDA:1,(anonymous_1)
FNDA:10,(anonymous_2)
FNDA:2,(anonymous_3)
FNDA:1,(anonymous_4)
FNDA:1,(anonymous_5)
FNDA:1,(anonymous_6)
FNDA:1,(anonymous_7)
FNDA:3,(anonymous_8)
DA:1,5
DA:5,5
DA:7,1
DA:11,10
DA:15,2
DA:16,2
DA:17,1
DA:19,1
DA:24,1
DA:28,1
DA:32,1
DA:36,1
DA:37,1
DA:42,3
LF:14
LH:14
BRDA:16,0,0,1
BRDA:16,0,1,1
BRDA:36,1,0,1
BRDA:36,1,1,0
BRF:4
BRH:3
end_of_record
TN:
SF:src\data\index.ts
FNF:0
FNH:0
DA:1,5
DA:2,5
DA:3,5
DA:4,5
DA:5,5
DA:6,5
LF:6
LH:6
BRF:0
BRH:0
end_of_record
TN:
SF:src\data\object.ts
FN:7,(anonymous_7)
FN:9,(anonymous_8)
FN:23,(anonymous_9)
FN:35,(anonymous_10)
FN:39,(anonymous_11)
FN:43,(anonymous_12)
FN:57,(anonymous_13)
FN:61,(anonymous_14)
FN:74,(anonymous_15)
FN:82,(anonymous_16)
FN:84,(anonymous_17)
FN:85,(anonymous_18)
FNF:12
FNH:12
FNDA:1,(anonymous_7)
FNDA:4,(anonymous_8)
FNDA:4,(anonymous_9)
FNDA:5,(anonymous_10)
FNDA:5,(anonymous_11)
FNDA:1,(anonymous_12)
FNDA:1,(anonymous_13)
FNDA:2,(anonymous_14)
FNDA:3,(anonymous_15)
FNDA:1,(anonymous_16)
FNDA:4,(anonymous_17)
FNDA:4,(anonymous_18)
DA:1,5
DA:2,5
DA:6,5
DA:7,1
DA:10,4
DA:15,1
DA:16,3
DA:17,1
DA:19,2
DA:24,4
DA:25,1
DA:28,3
DA:36,5
DA:40,5
DA:47,1
DA:48,1
DA:49,1
DA:50,5
DA:54,1
DA:58,1
DA:62,2
DA:68,1
DA:70,1
DA:75,3
DA:76,2
DA:78,1
DA:83,1
DA:84,4
DA:85,4
DA:86,1
DA:87,1
LF:31
LH:31
BRDA:10,0,0,1
BRDA:10,0,1,3
BRDA:11,1,0,4
BRDA:11,1,1,2
BRDA:11,1,2,1
BRDA:16,2,0,1
BRDA:16,2,1,2
BRDA:24,3,0,1
BRDA:24,3,1,3
BRDA:29,4,0,3
BRDA:29,4,1,2
BRDA:29,4,2,1
BRDA:44,5,0,0
BRDA:45,6,0,0
BRDA:61,7,0,0
BRDA:62,8,0,1
BRDA:62,8,1,1
BRDA:74,9,0,2
BRDA:75,10,0,2
BRDA:75,10,1,1
BRF:20
BRH:17
end_of_record
TN:
SF:src\data\request.ts
FN:11,(anonymous_1)
FN:21,(anonymous_2)
FN:41,(anonymous_3)
FN:45,(anonymous_4)
FN:55,(anonymous_5)
FN:65,(anonymous_6)
FNF:6
FNH:6
FNDA:1,(anonymous_1)
FNDA:1,(anonymous_2)
FNDA:2,(anonymous_3)
FNDA:1,(anonymous_4)
FNDA:1,(anonymous_5)
FNDA:1,(anonymous_6)
DA:1,5
DA:9,5
DA:12,1
DA:13,1
DA:15,1
DA:22,1
DA:28,1
DA:42,2
DA:46,1
DA:52,1
DA:56,1
DA:62,1
DA:66,1
DA:71,1
LF:14
LH:14
BRDA:13,0,0,0
BRDA:42,1,0,1
BRDA:42,1,1,1
BRDA:42,2,0,1
BRDA:42,2,1,1
BRDA:42,3,0,2
BRDA:42,3,1,2
BRF:7
BRH:6
end_of_record
TN:
SF:src\data\string.ts
FN:6,(anonymous_6)
FN:11,(anonymous_7)
FN:15,(anonymous_8)
FN:29,(anonymous_9)
FNF:4
FNH:4
FNDA:1,(anonymous_6)
FNDA:1,(anonymous_7)
FNDA:2,(anonymous_8)
FNDA:2,(anonymous_9)
DA:1,5
DA:5,5
DA:7,1
DA:8,1
DA:12,1
DA:19,2
DA:20,2
DA:21,2
DA:22,17
DA:26,2
DA:30,2
DA:36,1
DA:38,1
LF:13
LH:13
BRDA:6,0,0,0
BRDA:16,1,0,1
BRDA:17,2,0,1
BRDA:29,3,0,1
BRDA:30,4,0,1
BRDA:30,4,1,1
BRF:6
BRH:5
end_of_record
